<?xml version="1.0" encoding="UTF-8"?>
<!-- Generated by org.testng.reporters.JUnitXMLReporter -->
<testsuite hostname="LAPTOP-KOP1MACA" ignored="0" name="Test" tests="1" failures="1" timestamp="16 Feb 2021 12:23:25 GMT" time="48.842" errors="0">
  <testcase name="Addition" time="48.412" classname="Practies.AppiumFramework.AmountCal">
    <failure type="java.lang.NullPointerException">
      <![CDATA[java.lang.NullPointerException
	at com.google.common.base.Preconditions.checkNotNull(Preconditions.java:882)
	at io.appium.java_client.TouchAction.<init>(TouchAction.java:52)
	at Practies.AppiumFramework.Utility.LongPress(Utility.java:30)
	at Practies.AppiumFramework.AmountCal.Addition(AmountCal.java:82)
... Removed 25 stack frames]]>
    </failure>
  </testcase> <!-- Addition -->
</testsuite> <!-- Test -->
