<?xml version="1.0" encoding="UTF-8"?>
<testng-results skipped="0" failed="0" ignored="0" total="1" passed="1">
  <reporter-output>
  </reporter-output>
  <suite name="Suite" duration-ms="54980" started-at="2021-02-24T13:17:45Z" finished-at="2021-02-24T13:18:39Z">
    <groups>
    </groups>
    <test name="Test" duration-ms="54980" started-at="2021-02-24T13:17:45Z" finished-at="2021-02-24T13:18:39Z">
      <class name="Practies.AppiumFramework.AmountCal">
        <test-method status="PASS" signature="Execute()[pri:0, instance:Practies.AppiumFramework.AmountCal@4dfa3a9d]" name="Execute" is-config="true" duration-ms="46" started-at="2021-02-24T13:17:45Z" finished-at="2021-02-24T13:17:45Z">
          <reporter-output>
          </reporter-output>
        </test-method> <!-- Execute -->
        <test-method status="PASS" signature="Addition()[pri:0, instance:Practies.AppiumFramework.AmountCal@4dfa3a9d]" name="Addition" duration-ms="54876" started-at="2021-02-24T13:17:45Z" finished-at="2021-02-24T13:18:39Z">
          <reporter-output>
          </reporter-output>
        </test-method> <!-- Addition -->
      </class> <!-- Practies.AppiumFramework.AmountCal -->
    </test> <!-- Test -->
  </suite> <!-- Suite -->
</testng-results>
