<?xml version="1.0" encoding="UTF-8"?>
<testng-results skipped="0" failed="1" ignored="0" total="1" passed="0">
  <reporter-output>
  </reporter-output>
  <suite name="Suite" duration-ms="48842" started-at="2021-02-16T12:22:37Z" finished-at="2021-02-16T12:23:25Z">
    <groups>
    </groups>
    <test name="Test" duration-ms="48842" started-at="2021-02-16T12:22:37Z" finished-at="2021-02-16T12:23:25Z">
      <class name="Practies.AppiumFramework.AmountCal">
        <test-method status="PASS" signature="Execute()[pri:0, instance:Practies.AppiumFramework.AmountCal@6ddf90b0]" name="Execute" is-config="true" duration-ms="20" started-at="2021-02-16T17:52:37Z" finished-at="2021-02-16T17:52:37Z">
          <reporter-output>
          </reporter-output>
        </test-method> <!-- Execute -->
        <test-method status="FAIL" signature="Addition()[pri:0, instance:Practies.AppiumFramework.AmountCal@6ddf90b0]" name="Addition" duration-ms="48412" started-at="2021-02-16T17:52:37Z" finished-at="2021-02-16T17:53:25Z">
          <exception class="java.lang.NullPointerException">
            <full-stacktrace>
              <![CDATA[java.lang.NullPointerException
	at com.google.common.base.Preconditions.checkNotNull(Preconditions.java:882)
	at io.appium.java_client.TouchAction.<init>(TouchAction.java:52)
	at Practies.AppiumFramework.Utility.LongPress(Utility.java:30)
	at Practies.AppiumFramework.AmountCal.Addition(AmountCal.java:82)
	at sun.reflect.NativeMethodAccessorImpl.invoke0(Native Method)
	at sun.reflect.NativeMethodAccessorImpl.invoke(Unknown Source)
	at sun.reflect.DelegatingMethodAccessorImpl.invoke(Unknown Source)
	at java.lang.reflect.Method.invoke(Unknown Source)
	at org.testng.internal.MethodInvocationHelper.invokeMethod(MethodInvocationHelper.java:108)
	at org.testng.internal.Invoker.invokeMethod(Invoker.java:669)
	at org.testng.internal.Invoker.invokeTestMethod(Invoker.java:877)
	at org.testng.internal.Invoker.invokeTestMethods(Invoker.java:1201)
	at org.testng.internal.TestMethodWorker.invokeTestMethods(TestMethodWorker.java:125)
	at org.testng.internal.TestMethodWorker.run(TestMethodWorker.java:109)
	at org.testng.TestRunner.privateRun(TestRunner.java:776)
	at org.testng.TestRunner.run(TestRunner.java:634)
	at org.testng.SuiteRunner.runTest(SuiteRunner.java:425)
	at org.testng.SuiteRunner.runSequentially(SuiteRunner.java:420)
	at org.testng.SuiteRunner.privateRun(SuiteRunner.java:385)
	at org.testng.SuiteRunner.run(SuiteRunner.java:334)
	at org.testng.SuiteRunnerWorker.runSuite(SuiteRunnerWorker.java:52)
	at org.testng.SuiteRunnerWorker.run(SuiteRunnerWorker.java:86)
	at org.testng.TestNG.runSuitesSequentially(TestNG.java:1318)
	at org.testng.TestNG.runSuitesLocally(TestNG.java:1243)
	at org.testng.TestNG.runSuites(TestNG.java:1161)
	at org.testng.TestNG.run(TestNG.java:1129)
	at org.testng.remote.AbstractRemoteTestNG.run(AbstractRemoteTestNG.java:114)
	at org.testng.remote.RemoteTestNG.initAndRun(RemoteTestNG.java:251)
	at org.testng.remote.RemoteTestNG.main(RemoteTestNG.java:77)
]]>
            </full-stacktrace>
          </exception> <!-- java.lang.NullPointerException -->
          <reporter-output>
          </reporter-output>
        </test-method> <!-- Addition -->
      </class> <!-- Practies.AppiumFramework.AmountCal -->
    </test> <!-- Test -->
  </suite> <!-- Suite -->
</testng-results>
